<?xml version="1.0" encoding="UTF-8" ?>
<testsuite tests="0" failures="0" name="dev.castro.p1.UtilitiesTests.ConnectionTest" time="0" errors="0" skipped="0">
  <properties>
    <property name="idea.version" value="2022.1"/>
    <property name="java.runtime.name" value="OpenJDK Runtime Environment"/>
    <property name="sun.boot.library.path" value="C:\Users\armor\.jdks\corretto-1.8.0_332\jre\bin"/>
    <property name="java.vm.version" value="25.332-b08"/>
    <property name="java.vm.vendor" value="Amazon.com Inc."/>
    <property name="maven.multiModuleProjectDirectory" value="C:\Users\armor\OneDrive\Desktop\Revature_Projects\castro_p1"/>
    <property name="java.vendor.url" value="https://aws.amazon.com/corretto/"/>
    <property name="path.separator" value=";"/>
    <property name="guice.disable.misplaced.annotation.check" value="true"/>
    <property name="java.vm.name" value="OpenJDK 64-Bit Server VM"/>
    <property name="file.encoding.pkg" value="sun.io"/>
    <property name="user.script" value=""/>
    <property name="user.country" value="US"/>
    <property name="sun.java.launcher" value="SUN_STANDARD"/>
    <property name="sun.os.patch.level" value=""/>
    <property name="java.vm.specification.name" value="Java Virtual Machine Specification"/>
    <property name="user.dir" value="C:\Users\armor\OneDrive\Desktop\Revature_Projects\castro_p1"/>
    <property name="java.runtime.version" value="1.8.0_332-b08"/>
    <property name="java.awt.graphicsenv" value="sun.awt.Win32GraphicsEnvironment"/>
    <property name="java.endorsed.dirs" value="C:\Users\armor\.jdks\corretto-1.8.0_332\jre\lib\endorsed"/>
    <property name="os.arch" value="amd64"/>
    <property name="java.io.tmpdir" value="C:\Users\armor\AppData\Local\Temp\"/>
    <property name="line.separator" value="
"/>
    <property name="java.vm.specification.vendor" value="Oracle Corporation"/>
    <property name="user.variant" value=""/>
    <property name="os.name" value="Windows 10"/>
    <property name="maven.ext.class.path" value="C:\Users\armor\AppData\Local\JetBrains\Toolbox\apps\IDEA-U\ch-0\221.5080.210\plugins\maven\lib\maven-event-listener.jar"/>
    <property name="classworlds.conf" value="C:\Users\armor\AppData\Local\JetBrains\Toolbox\apps\IDEA-U\ch-0\221.5080.210\plugins\maven\lib\maven3\bin\m2.conf"/>
    <property name="sun.jnu.encoding" value="Cp1252"/>
    <property name="java.library.path" value="C:\Users\armor\.jdks\corretto-1.8.0_332\bin;C:\Windows\Sun\Java\bin;C:\Windows\system32;C:\Windows;C:\Windows\system32;C:\Windows;C:\Windows\System32\Wbem;C:\Windows\System32\WindowsPowerShell\v1.0\;C:\Windows\System32\OpenSSH\;C:\Program Files\nodejs\;C:\Program Files\Git\cmd;C:\Program Files\Docker\Docker\resources\bin;C:\ProgramData\DockerDesktop\version-bin;C:\Program Files\Microsoft\jdk-11.0.14.101-hotspot;C:\Users\armor\Downloads\apache-maven-3.8.5-bin\apache-maven-3.8.5\bin;C:\Ruby31-x64\bin;C:\Users\armor\AppData\Local\Microsoft\WindowsApps;C:\Users\armor\AppData\Local\GitHubDesktop\bin;C:\Users\armor\AppData\Roaming\npm;G:\My Drive\Computer_Coding\Microsoft VS Code\bin;."/>
    <property name="maven.conf" value="C:\Users\armor\AppData\Local\JetBrains\Toolbox\apps\IDEA-U\ch-0\221.5080.210\plugins\maven\lib\maven3/conf"/>
    <property name="java.specification.name" value="Java Platform API Specification"/>
    <property name="java.class.version" value="52.0"/>
    <property name="sun.management.compiler" value="HotSpot 64-Bit Tiered Compilers"/>
    <property name="os.version" value="10.0"/>
    <property name="user.home" value="C:\Users\armor"/>
    <property name="user.timezone" value="America/Chicago"/>
    <property name="java.awt.printerjob" value="sun.awt.windows.WPrinterJob"/>
    <property name="java.specification.version" value="1.8"/>
    <property name="file.encoding" value="UTF-8"/>
    <property name="user.name" value="armor"/>
    <property name="java.class.path" value="C:\Users\armor\AppData\Local\JetBrains\Toolbox\apps\IDEA-U\ch-0\221.5080.210\plugins\maven\lib\maven3\boot\plexus-classworlds-2.6.0.jar;C:\Users\armor\AppData\Local\JetBrains\Toolbox\apps\IDEA-U\ch-0\221.5080.210\plugins\maven\lib\maven3\boot\plexus-classworlds.license;C:\Users\armor\AppData\Local\JetBrains\Toolbox\apps\IDEA-U\ch-0\221.5080.210\lib\idea_rt.jar"/>
    <property name="java.vm.specification.version" value="1.8"/>
    <property name="sun.arch.data.model" value="64"/>
    <property name="java.home" value="C:\Users\armor\.jdks\corretto-1.8.0_332\jre"/>
    <property name="sun.java.command" value="org.codehaus.classworlds.Launcher -Didea.version=2022.1 package"/>
    <property name="java.specification.vendor" value="Oracle Corporation"/>
    <property name="user.language" value="en"/>
    <property name="awt.toolkit" value="sun.awt.windows.WToolkit"/>
    <property name="java.vm.info" value="mixed mode"/>
    <property name="java.version" value="1.8.0_332"/>
    <property name="java.ext.dirs" value="C:\Users\armor\.jdks\corretto-1.8.0_332\jre\lib\ext;C:\Windows\Sun\Java\lib\ext"/>
    <property name="sun.boot.class.path" value="C:\Users\armor\.jdks\corretto-1.8.0_332\jre\lib\resources.jar;C:\Users\armor\.jdks\corretto-1.8.0_332\jre\lib\rt.jar;C:\Users\armor\.jdks\corretto-1.8.0_332\jre\lib\sunrsasign.jar;C:\Users\armor\.jdks\corretto-1.8.0_332\jre\lib\jsse.jar;C:\Users\armor\.jdks\corretto-1.8.0_332\jre\lib\jce.jar;C:\Users\armor\.jdks\corretto-1.8.0_332\jre\lib\charsets.jar;C:\Users\armor\.jdks\corretto-1.8.0_332\jre\lib\jfr.jar;C:\Users\armor\.jdks\corretto-1.8.0_332\jre\classes"/>
    <property name="java.vendor" value="Amazon.com Inc."/>
    <property name="maven.home" value="C:\Users\armor\AppData\Local\JetBrains\Toolbox\apps\IDEA-U\ch-0\221.5080.210\plugins\maven\lib\maven3"/>
    <property name="file.separator" value="\"/>
    <property name="java.vendor.url.bug" value="https://github.com/corretto/corretto-8/issues/"/>
    <property name="sun.cpu.endian" value="little"/>
    <property name="sun.io.unicode.encoding" value="UnicodeLittle"/>
    <property name="sun.desktop" value="windows"/>
    <property name="sun.cpu.isalist" value="amd64"/>
  </properties>
</testsuite>