<?xml version="1.0" encoding="UTF-8"?>
<testsuite xmlns:xsi="http://www.w3.org/2001/XMLSchema-instance" xsi:noNamespaceSchemaLocation="https://maven.apache.org/surefire/maven-surefire-plugin/xsd/surefire-test-report.xsd" name="dev.castro.p1.UtilitiesTests.ConnectionTest" time="0.481" tests="1" errors="0" skipped="0" failures="0">
  <properties>
    <property name="sun.desktop" value="windows"/>
    <property name="awt.toolkit" value="sun.awt.windows.WToolkit"/>
    <property name="file.encoding.pkg" value="sun.io"/>
    <property name="java.specification.version" value="1.8"/>
    <property name="sun.cpu.isalist" value="amd64"/>
    <property name="sun.jnu.encoding" value="Cp1252"/>
    <property name="java.class.path" value="C:\Users\armor\OneDrive\Desktop\Revature_Projects\castro_p1\target\test-classes;C:\Users\armor\OneDrive\Desktop\Revature_Projects\castro_p1\target\classes;C:\Users\armor\.m2\repository\org\postgresql\postgresql\42.3.3\postgresql-42.3.3.jar;C:\Users\armor\.m2\repository\org\checkerframework\checker-qual\3.5.0\checker-qual-3.5.0.jar;C:\Users\armor\.m2\repository\io\javalin\javalin\4.4.0\javalin-4.4.0.jar;C:\Users\armor\.m2\repository\org\slf4j\slf4j-api\1.7.36\slf4j-api-1.7.36.jar;C:\Users\armor\.m2\repository\org\eclipse\jetty\jetty-server\9.4.45.v20220203\jetty-server-9.4.45.v20220203.jar;C:\Users\armor\.m2\repository\javax\servlet\javax.servlet-api\3.1.0\javax.servlet-api-3.1.0.jar;C:\Users\armor\.m2\repository\org\eclipse\jetty\jetty-http\9.4.45.v20220203\jetty-http-9.4.45.v20220203.jar;C:\Users\armor\.m2\repository\org\eclipse\jetty\jetty-util\9.4.45.v20220203\jetty-util-9.4.45.v20220203.jar;C:\Users\armor\.m2\repository\org\eclipse\jetty\jetty-io\9.4.45.v20220203\jetty-io-9.4.45.v20220203.jar;C:\Users\armor\.m2\repository\org\eclipse\jetty\jetty-webapp\9.4.45.v20220203\jetty-webapp-9.4.45.v20220203.jar;C:\Users\armor\.m2\repository\org\eclipse\jetty\jetty-xml\9.4.45.v20220203\jetty-xml-9.4.45.v20220203.jar;C:\Users\armor\.m2\repository\org\eclipse\jetty\jetty-servlet\9.4.45.v20220203\jetty-servlet-9.4.45.v20220203.jar;C:\Users\armor\.m2\repository\org\eclipse\jetty\jetty-security\9.4.45.v20220203\jetty-security-9.4.45.v20220203.jar;C:\Users\armor\.m2\repository\org\eclipse\jetty\jetty-util-ajax\9.4.45.v20220203\jetty-util-ajax-9.4.45.v20220203.jar;C:\Users\armor\.m2\repository\org\eclipse\jetty\websocket\websocket-server\9.4.45.v20220203\websocket-server-9.4.45.v20220203.jar;C:\Users\armor\.m2\repository\org\eclipse\jetty\websocket\websocket-common\9.4.45.v20220203\websocket-common-9.4.45.v20220203.jar;C:\Users\armor\.m2\repository\org\eclipse\jetty\websocket\websocket-api\9.4.45.v20220203\websocket-api-9.4.45.v20220203.jar;C:\Users\armor\.m2\repository\org\eclipse\jetty\websocket\websocket-client\9.4.45.v20220203\websocket-client-9.4.45.v20220203.jar;C:\Users\armor\.m2\repository\org\eclipse\jetty\jetty-client\9.4.45.v20220203\jetty-client-9.4.45.v20220203.jar;C:\Users\armor\.m2\repository\org\eclipse\jetty\websocket\websocket-servlet\9.4.45.v20220203\websocket-servlet-9.4.45.v20220203.jar;C:\Users\armor\.m2\repository\org\jetbrains\kotlin\kotlin-stdlib-jdk8\1.5.32\kotlin-stdlib-jdk8-1.5.32.jar;C:\Users\armor\.m2\repository\org\jetbrains\kotlin\kotlin-stdlib\1.5.32\kotlin-stdlib-1.5.32.jar;C:\Users\armor\.m2\repository\org\jetbrains\annotations\13.0\annotations-13.0.jar;C:\Users\armor\.m2\repository\org\jetbrains\kotlin\kotlin-stdlib-common\1.5.32\kotlin-stdlib-common-1.5.32.jar;C:\Users\armor\.m2\repository\org\jetbrains\kotlin\kotlin-stdlib-jdk7\1.5.32\kotlin-stdlib-jdk7-1.5.32.jar;C:\Users\armor\.m2\repository\org\slf4j\slf4j-simple\1.7.36\slf4j-simple-1.7.36.jar;C:\Users\armor\.m2\repository\com\google\code\gson\gson\2.9.0\gson-2.9.0.jar;C:\Users\armor\.m2\repository\org\projectlombok\lombok\1.18.22\lombok-1.18.22.jar;C:\Users\armor\.m2\repository\org\junit\jupiter\junit-jupiter-engine\5.8.2\junit-jupiter-engine-5.8.2.jar;C:\Users\armor\.m2\repository\org\junit\platform\junit-platform-engine\1.8.2\junit-platform-engine-1.8.2.jar;C:\Users\armor\.m2\repository\org\opentest4j\opentest4j\1.2.0\opentest4j-1.2.0.jar;C:\Users\armor\.m2\repository\org\junit\platform\junit-platform-commons\1.8.2\junit-platform-commons-1.8.2.jar;C:\Users\armor\.m2\repository\org\junit\jupiter\junit-jupiter-api\5.8.2\junit-jupiter-api-5.8.2.jar;C:\Users\armor\.m2\repository\org\apiguardian\apiguardian-api\1.1.2\apiguardian-api-1.1.2.jar;"/>
    <property name="java.vm.vendor" value="Amazon.com Inc."/>
    <property name="sun.arch.data.model" value="64"/>
    <property name="user.variant" value=""/>
    <property name="java.vendor.url" value="https://aws.amazon.com/corretto/"/>
    <property name="user.timezone" value="America/Chicago"/>
    <property name="java.vm.specification.version" value="1.8"/>
    <property name="os.name" value="Windows 10"/>
    <property name="user.country" value="US"/>
    <property name="sun.java.launcher" value="SUN_STANDARD"/>
    <property name="sun.boot.library.path" value="C:\Users\armor\.jdks\corretto-1.8.0_332\jre\bin"/>
    <property name="sun.java.command" value="C:\Users\armor\AppData\Local\Temp\surefire8352174956029754919\surefirebooter7266219044849192023.jar C:\Users\armor\AppData\Local\Temp\surefire8352174956029754919 2022-05-03T14-30-38_082-jvmRun1 surefire7723571452751275676tmp surefire_04310176689160560189tmp"/>
    <property name="surefire.test.class.path" value="C:\Users\armor\OneDrive\Desktop\Revature_Projects\castro_p1\target\test-classes;C:\Users\armor\OneDrive\Desktop\Revature_Projects\castro_p1\target\classes;C:\Users\armor\.m2\repository\org\postgresql\postgresql\42.3.3\postgresql-42.3.3.jar;C:\Users\armor\.m2\repository\org\checkerframework\checker-qual\3.5.0\checker-qual-3.5.0.jar;C:\Users\armor\.m2\repository\io\javalin\javalin\4.4.0\javalin-4.4.0.jar;C:\Users\armor\.m2\repository\org\slf4j\slf4j-api\1.7.36\slf4j-api-1.7.36.jar;C:\Users\armor\.m2\repository\org\eclipse\jetty\jetty-server\9.4.45.v20220203\jetty-server-9.4.45.v20220203.jar;C:\Users\armor\.m2\repository\javax\servlet\javax.servlet-api\3.1.0\javax.servlet-api-3.1.0.jar;C:\Users\armor\.m2\repository\org\eclipse\jetty\jetty-http\9.4.45.v20220203\jetty-http-9.4.45.v20220203.jar;C:\Users\armor\.m2\repository\org\eclipse\jetty\jetty-util\9.4.45.v20220203\jetty-util-9.4.45.v20220203.jar;C:\Users\armor\.m2\repository\org\eclipse\jetty\jetty-io\9.4.45.v20220203\jetty-io-9.4.45.v20220203.jar;C:\Users\armor\.m2\repository\org\eclipse\jetty\jetty-webapp\9.4.45.v20220203\jetty-webapp-9.4.45.v20220203.jar;C:\Users\armor\.m2\repository\org\eclipse\jetty\jetty-xml\9.4.45.v20220203\jetty-xml-9.4.45.v20220203.jar;C:\Users\armor\.m2\repository\org\eclipse\jetty\jetty-servlet\9.4.45.v20220203\jetty-servlet-9.4.45.v20220203.jar;C:\Users\armor\.m2\repository\org\eclipse\jetty\jetty-security\9.4.45.v20220203\jetty-security-9.4.45.v20220203.jar;C:\Users\armor\.m2\repository\org\eclipse\jetty\jetty-util-ajax\9.4.45.v20220203\jetty-util-ajax-9.4.45.v20220203.jar;C:\Users\armor\.m2\repository\org\eclipse\jetty\websocket\websocket-server\9.4.45.v20220203\websocket-server-9.4.45.v20220203.jar;C:\Users\armor\.m2\repository\org\eclipse\jetty\websocket\websocket-common\9.4.45.v20220203\websocket-common-9.4.45.v20220203.jar;C:\Users\armor\.m2\repository\org\eclipse\jetty\websocket\websocket-api\9.4.45.v20220203\websocket-api-9.4.45.v20220203.jar;C:\Users\armor\.m2\repository\org\eclipse\jetty\websocket\websocket-client\9.4.45.v20220203\websocket-client-9.4.45.v20220203.jar;C:\Users\armor\.m2\repository\org\eclipse\jetty\jetty-client\9.4.45.v20220203\jetty-client-9.4.45.v20220203.jar;C:\Users\armor\.m2\repository\org\eclipse\jetty\websocket\websocket-servlet\9.4.45.v20220203\websocket-servlet-9.4.45.v20220203.jar;C:\Users\armor\.m2\repository\org\jetbrains\kotlin\kotlin-stdlib-jdk8\1.5.32\kotlin-stdlib-jdk8-1.5.32.jar;C:\Users\armor\.m2\repository\org\jetbrains\kotlin\kotlin-stdlib\1.5.32\kotlin-stdlib-1.5.32.jar;C:\Users\armor\.m2\repository\org\jetbrains\annotations\13.0\annotations-13.0.jar;C:\Users\armor\.m2\repository\org\jetbrains\kotlin\kotlin-stdlib-common\1.5.32\kotlin-stdlib-common-1.5.32.jar;C:\Users\armor\.m2\repository\org\jetbrains\kotlin\kotlin-stdlib-jdk7\1.5.32\kotlin-stdlib-jdk7-1.5.32.jar;C:\Users\armor\.m2\repository\org\slf4j\slf4j-simple\1.7.36\slf4j-simple-1.7.36.jar;C:\Users\armor\.m2\repository\com\google\code\gson\gson\2.9.0\gson-2.9.0.jar;C:\Users\armor\.m2\repository\org\projectlombok\lombok\1.18.22\lombok-1.18.22.jar;C:\Users\armor\.m2\repository\org\junit\jupiter\junit-jupiter-engine\5.8.2\junit-jupiter-engine-5.8.2.jar;C:\Users\armor\.m2\repository\org\junit\platform\junit-platform-engine\1.8.2\junit-platform-engine-1.8.2.jar;C:\Users\armor\.m2\repository\org\opentest4j\opentest4j\1.2.0\opentest4j-1.2.0.jar;C:\Users\armor\.m2\repository\org\junit\platform\junit-platform-commons\1.8.2\junit-platform-commons-1.8.2.jar;C:\Users\armor\.m2\repository\org\junit\jupiter\junit-jupiter-api\5.8.2\junit-jupiter-api-5.8.2.jar;C:\Users\armor\.m2\repository\org\apiguardian\apiguardian-api\1.1.2\apiguardian-api-1.1.2.jar;"/>
    <property name="sun.cpu.endian" value="little"/>
    <property name="user.home" value="C:\Users\armor"/>
    <property name="user.language" value="en"/>
    <property name="java.specification.vendor" value="Oracle Corporation"/>
    <property name="java.home" value="C:\Users\armor\.jdks\corretto-1.8.0_332\jre"/>
    <property name="basedir" value="C:\Users\armor\OneDrive\Desktop\Revature_Projects\castro_p1"/>
    <property name="file.separator" value="\"/>
    <property name="line.separator" value="&#10;"/>
    <property name="java.vm.specification.vendor" value="Oracle Corporation"/>
    <property name="java.specification.name" value="Java Platform API Specification"/>
    <property name="java.awt.graphicsenv" value="sun.awt.Win32GraphicsEnvironment"/>
    <property name="surefire.real.class.path" value="C:\Users\armor\AppData\Local\Temp\surefire8352174956029754919\surefirebooter7266219044849192023.jar"/>
    <property name="sun.boot.class.path" value="C:\Users\armor\.jdks\corretto-1.8.0_332\jre\lib\resources.jar;C:\Users\armor\.jdks\corretto-1.8.0_332\jre\lib\rt.jar;C:\Users\armor\.jdks\corretto-1.8.0_332\jre\lib\sunrsasign.jar;C:\Users\armor\.jdks\corretto-1.8.0_332\jre\lib\jsse.jar;C:\Users\armor\.jdks\corretto-1.8.0_332\jre\lib\jce.jar;C:\Users\armor\.jdks\corretto-1.8.0_332\jre\lib\charsets.jar;C:\Users\armor\.jdks\corretto-1.8.0_332\jre\lib\jfr.jar;C:\Users\armor\.jdks\corretto-1.8.0_332\jre\classes"/>
    <property name="user.script" value=""/>
    <property name="sun.management.compiler" value="HotSpot 64-Bit Tiered Compilers"/>
    <property name="java.runtime.version" value="1.8.0_332-b08"/>
    <property name="user.name" value="armor"/>
    <property name="path.separator" value=";"/>
    <property name="os.version" value="10.0"/>
    <property name="java.endorsed.dirs" value="C:\Users\armor\.jdks\corretto-1.8.0_332\jre\lib\endorsed"/>
    <property name="java.runtime.name" value="OpenJDK Runtime Environment"/>
    <property name="file.encoding" value="Cp1252"/>
    <property name="java.vm.name" value="OpenJDK 64-Bit Server VM"/>
    <property name="localRepository" value="C:\Users\armor\.m2\repository"/>
    <property name="java.vendor.url.bug" value="https://github.com/corretto/corretto-8/issues/"/>
    <property name="java.io.tmpdir" value="C:\Users\armor\AppData\Local\Temp\"/>
    <property name="idea.version" value="2022.1"/>
    <property name="java.version" value="1.8.0_332"/>
    <property name="user.dir" value="C:\Users\armor\OneDrive\Desktop\Revature_Projects\castro_p1"/>
    <property name="os.arch" value="amd64"/>
    <property name="java.vm.specification.name" value="Java Virtual Machine Specification"/>
    <property name="java.awt.printerjob" value="sun.awt.windows.WPrinterJob"/>
    <property name="sun.os.patch.level" value=""/>
    <property name="java.library.path" value="C:\Users\armor\.jdks\corretto-1.8.0_332\jre\bin;C:\Windows\Sun\Java\bin;C:\Windows\system32;C:\Windows;C:\Windows\system32;C:\Windows;C:\Windows\System32\Wbem;C:\Windows\System32\WindowsPowerShell\v1.0\;C:\Windows\System32\OpenSSH\;C:\Program Files\nodejs\;C:\Program Files\Git\cmd;C:\Program Files\Microsoft\jdk-11.0.14.101-hotspot;C:\Users\armor\Downloads\apache-maven-3.8.5-bin\apache-maven-3.8.5\bin;;C:\Program Files\Docker\Docker\resources\bin;C:\ProgramData\DockerDesktop\version-bin;C:\Ruby31-x64\bin;C:\Users\armor\AppData\Local\Microsoft\WindowsApps;C:\Users\armor\AppData\Local\GitHubDesktop\bin;C:\Users\armor\AppData\Roaming\npm;G:\My Drive\Computer_Coding\Microsoft VS Code\bin;."/>
    <property name="java.vm.info" value="mixed mode"/>
    <property name="java.vendor" value="Amazon.com Inc."/>
    <property name="java.vm.version" value="25.332-b08"/>
    <property name="java.ext.dirs" value="C:\Users\armor\.jdks\corretto-1.8.0_332\jre\lib\ext;C:\Windows\Sun\Java\lib\ext"/>
    <property name="sun.io.unicode.encoding" value="UnicodeLittle"/>
    <property name="java.class.version" value="52.0"/>
  </properties>
  <testcase name="can_connect" classname="dev.castro.p1.UtilitiesTests.ConnectionTest" time="0.481"/>
</testsuite>